[rosmaster.main][INFO] 2023-02-03 01:39:07,036: initialization complete, waiting for shutdown
[rosmaster.main][INFO] 2023-02-03 01:39:07,036: Starting ROS Master Node
[xmlrpc][INFO] 2023-02-03 01:39:07,036: XML-RPC server binding to 0.0.0.0:11311
[xmlrpc][INFO] 2023-02-03 01:39:07,037: Started XML-RPC server [http://mrmunda-VirtualBox:11311/]
[xmlrpc][INFO] 2023-02-03 01:39:07,037: xml rpc node: starting XML-RPC server
[rosmaster.master][INFO] 2023-02-03 01:39:07,038: Master initialized: port[11311], uri[http://mrmunda-VirtualBox:11311/]
[rosmaster.master][INFO] 2023-02-03 01:39:07,123: +PARAM [/run_id] by /roslaunch
[rosmaster.master][INFO] 2023-02-03 01:39:07,124: +PARAM [/roslaunch/uris/host_mrmunda_virtualbox__44037] by /roslaunch
[rosmaster.master][INFO] 2023-02-03 01:39:07,172: +PARAM [/rosversion] by /roslaunch
[rosmaster.master][INFO] 2023-02-03 01:39:07,172: +PARAM [/rosdistro] by /roslaunch
[rosmaster.master][INFO] 2023-02-03 01:39:07,190: +SERVICE [/rosout/get_loggers] /rosout http://mrmunda-VirtualBox:33845/
[rosmaster.master][INFO] 2023-02-03 01:39:07,192: +SERVICE [/rosout/set_logger_level] /rosout http://mrmunda-VirtualBox:33845/
[rosmaster.master][INFO] 2023-02-03 01:39:07,193: +PUB [/rosout_agg] /rosout http://mrmunda-VirtualBox:33845/
[rosmaster.master][INFO] 2023-02-03 01:39:07,197: +SUB [/rosout] /rosout http://mrmunda-VirtualBox:33845/
[rosmaster.master][INFO] 2023-02-03 01:39:36,247: +PUB [/rosout] /rqt_gui_py_node_3138 http://mrmunda-VirtualBox:32959/
[rosmaster.master][INFO] 2023-02-03 01:39:36,253: +SERVICE [/rqt_gui_py_node_3138/get_loggers] /rqt_gui_py_node_3138 http://mrmunda-VirtualBox:32959/
[rosmaster.master][INFO] 2023-02-03 01:39:36,254: +SERVICE [/rqt_gui_py_node_3138/set_logger_level] /rqt_gui_py_node_3138 http://mrmunda-VirtualBox:32959/
[rosmaster.master][INFO] 2023-02-03 01:39:36,255: publisherUpdate[/rosout] -> http://mrmunda-VirtualBox:33845/ ['http://mrmunda-VirtualBox:32959/']
[rosmaster.master][INFO] 2023-02-03 01:39:36,257: publisherUpdate[/rosout] -> http://mrmunda-VirtualBox:33845/ ['http://mrmunda-VirtualBox:32959/']: sec=0.00, result=[1, '', 0]
[rosmaster.master][INFO] 2023-02-03 01:39:36,317: +SUB [/statistics] /rqt_gui_py_node_3138 http://mrmunda-VirtualBox:32959/
[rosmaster.master][INFO] 2023-02-03 01:52:27,334: -SUB [/statistics] /rqt_gui_py_node_3138 http://mrmunda-VirtualBox:32959/
[rosmaster.master][INFO] 2023-02-03 01:52:27,335: -PUB [/rosout] /rqt_gui_py_node_3138 http://mrmunda-VirtualBox:32959/
[rosmaster.master][INFO] 2023-02-03 01:52:27,335: -SERVICE [/rqt_gui_py_node_3138/get_loggers] /rqt_gui_py_node_3138 rosrpc://mrmunda-VirtualBox:43121
[rosmaster.master][INFO] 2023-02-03 01:52:27,335: -SERVICE [/rqt_gui_py_node_3138/set_logger_level] /rqt_gui_py_node_3138 rosrpc://mrmunda-VirtualBox:43121
[rosmaster.master][INFO] 2023-02-03 01:52:27,340: publisherUpdate[/rosout] -> http://mrmunda-VirtualBox:33845/ []
[rosmaster.master][INFO] 2023-02-03 01:52:27,342: publisherUpdate[/rosout] -> http://mrmunda-VirtualBox:33845/ []: sec=0.00, result=[1, '', 0]
[rosmaster.master][INFO] 2023-02-03 01:53:45,739: +PUB [/rosout] /rostopic_3294_1675407225709 http://mrmunda-VirtualBox:46217/
[rosmaster.master][INFO] 2023-02-03 01:53:45,740: +SERVICE [/rostopic_3294_1675407225709/get_loggers] /rostopic_3294_1675407225709 http://mrmunda-VirtualBox:46217/
[rosmaster.master][INFO] 2023-02-03 01:53:45,741: +SERVICE [/rostopic_3294_1675407225709/set_logger_level] /rostopic_3294_1675407225709 http://mrmunda-VirtualBox:46217/
[rosmaster.master][INFO] 2023-02-03 01:53:45,827: publisherUpdate[/rosout] -> http://mrmunda-VirtualBox:33845/ ['http://mrmunda-VirtualBox:46217/']
[rosmaster.master][INFO] 2023-02-03 01:53:45,828: publisherUpdate[/rosout] -> http://mrmunda-VirtualBox:33845/ ['http://mrmunda-VirtualBox:46217/']: sec=0.00, result=[1, '', 0]
[rosmaster.master][INFO] 2023-02-03 01:54:51,312: -PUB [/rosout_agg] /rosout http://mrmunda-VirtualBox:33845/
[rosmaster.master][INFO] 2023-02-03 01:54:51,312: -SUB [/rosout] /rosout http://mrmunda-VirtualBox:33845/
[rosmaster.master][INFO] 2023-02-03 01:54:51,312: -SERVICE [/rosout/get_loggers] /rosout rosrpc://mrmunda-VirtualBox:45107
[rosmaster.master][INFO] 2023-02-03 01:54:51,312: -SERVICE [/rosout/set_logger_level] /rosout rosrpc://mrmunda-VirtualBox:45107
[rosmaster.main][INFO] 2023-02-03 01:54:51,411: keyboard interrupt, will exit
[rosmaster.main][INFO] 2023-02-03 01:54:51,412: stopping master...
[rospy.core][INFO] 2023-02-03 01:54:51,412: signal_shutdown [atexit]
