[rosmaster.main][INFO] 2023-02-02 23:37:28,797: initialization complete, waiting for shutdown
[rosmaster.main][INFO] 2023-02-02 23:37:28,797: Starting ROS Master Node
[xmlrpc][INFO] 2023-02-02 23:37:28,799: XML-RPC server binding to 0.0.0.0:11311
[xmlrpc][INFO] 2023-02-02 23:37:28,800: Started XML-RPC server [http://mrmunda-VirtualBox:11311/]
[xmlrpc][INFO] 2023-02-02 23:37:28,800: xml rpc node: starting XML-RPC server
[rosmaster.master][INFO] 2023-02-02 23:37:28,800: Master initialized: port[11311], uri[http://mrmunda-VirtualBox:11311/]
[rosmaster.master][INFO] 2023-02-02 23:37:28,867: +PARAM [/run_id] by /roslaunch
[rosmaster.master][INFO] 2023-02-02 23:37:28,868: +PARAM [/roslaunch/uris/host_mrmunda_virtualbox__40991] by /roslaunch
[rosmaster.master][INFO] 2023-02-02 23:37:28,921: +PARAM [/rosversion] by /roslaunch
[rosmaster.master][INFO] 2023-02-02 23:37:28,921: +PARAM [/rosdistro] by /roslaunch
[rosmaster.master][INFO] 2023-02-02 23:37:28,931: +SERVICE [/rosout/get_loggers] /rosout http://mrmunda-VirtualBox:44295/
[rosmaster.master][INFO] 2023-02-02 23:37:28,931: +SERVICE [/rosout/set_logger_level] /rosout http://mrmunda-VirtualBox:44295/
[rosmaster.master][INFO] 2023-02-02 23:37:28,932: +PUB [/rosout_agg] /rosout http://mrmunda-VirtualBox:44295/
[rosmaster.master][INFO] 2023-02-02 23:37:28,935: +SUB [/rosout] /rosout http://mrmunda-VirtualBox:44295/
[rosmaster.master][INFO] 2023-02-02 23:37:57,988: +PUB [/rosout] /turtlesim http://mrmunda-VirtualBox:45981/
[rosmaster.master][INFO] 2023-02-02 23:37:57,989: +SERVICE [/turtlesim/get_loggers] /turtlesim http://mrmunda-VirtualBox:45981/
[rosmaster.master][INFO] 2023-02-02 23:37:57,989: +SERVICE [/turtlesim/set_logger_level] /turtlesim http://mrmunda-VirtualBox:45981/
[rosmaster.master][INFO] 2023-02-02 23:37:57,990: +PARAM [/turtlesim/background_r] by /turtlesim
[rosmaster.master][INFO] 2023-02-02 23:37:57,990: +PARAM [/turtlesim/background_g] by /turtlesim
[rosmaster.master][INFO] 2023-02-02 23:37:57,990: +PARAM [/turtlesim/background_b] by /turtlesim
[rosmaster.master][INFO] 2023-02-02 23:37:58,000: +SERVICE [/clear] /turtlesim http://mrmunda-VirtualBox:45981/
[rosmaster.master][INFO] 2023-02-02 23:37:58,000: +SERVICE [/reset] /turtlesim http://mrmunda-VirtualBox:45981/
[rosmaster.master][INFO] 2023-02-02 23:37:58,001: +SERVICE [/spawn] /turtlesim http://mrmunda-VirtualBox:45981/
[rosmaster.master][INFO] 2023-02-02 23:37:58,001: +SERVICE [/kill] /turtlesim http://mrmunda-VirtualBox:45981/
[rosmaster.master][INFO] 2023-02-02 23:37:58,001: +CACHEDPARAM [/rosout_disable_topics_generation] by /turtlesim
[rosmaster.master][INFO] 2023-02-02 23:37:58,002: +SUB [/turtle1/cmd_vel] /turtlesim http://mrmunda-VirtualBox:45981/
[rosmaster.master][INFO] 2023-02-02 23:37:58,003: +PUB [/turtle1/pose] /turtlesim http://mrmunda-VirtualBox:45981/
[rosmaster.master][INFO] 2023-02-02 23:37:58,003: +PUB [/turtle1/color_sensor] /turtlesim http://mrmunda-VirtualBox:45981/
[rosmaster.master][INFO] 2023-02-02 23:37:58,003: +SERVICE [/turtle1/set_pen] /turtlesim http://mrmunda-VirtualBox:45981/
[rosmaster.master][INFO] 2023-02-02 23:37:58,003: +SERVICE [/turtle1/teleport_relative] /turtlesim http://mrmunda-VirtualBox:45981/
[rosmaster.master][INFO] 2023-02-02 23:37:58,004: +SERVICE [/turtle1/teleport_absolute] /turtlesim http://mrmunda-VirtualBox:45981/
[rosmaster.master][INFO] 2023-02-02 23:37:58,004: publisherUpdate[/rosout] -> http://mrmunda-VirtualBox:44295/ ['http://mrmunda-VirtualBox:45981/']
[rosmaster.master][INFO] 2023-02-02 23:37:58,006: publisherUpdate[/rosout] -> http://mrmunda-VirtualBox:44295/ ['http://mrmunda-VirtualBox:45981/']: sec=0.00, result=[1, '', 0]
[rosmaster.master][INFO] 2023-02-02 23:38:20,707: -SERVICE [/turtle1/teleport_absolute] /turtlesim rosrpc://mrmunda-VirtualBox:47985
[rosmaster.master][INFO] 2023-02-02 23:38:20,708: -SERVICE [/turtle1/teleport_relative] /turtlesim rosrpc://mrmunda-VirtualBox:47985
[rosmaster.master][INFO] 2023-02-02 23:38:20,708: -SERVICE [/turtle1/set_pen] /turtlesim rosrpc://mrmunda-VirtualBox:47985
[rosmaster.master][INFO] 2023-02-02 23:38:20,709: -PUB [/turtle1/color_sensor] /turtlesim http://mrmunda-VirtualBox:45981/
[rosmaster.master][INFO] 2023-02-02 23:38:20,709: -PUB [/turtle1/pose] /turtlesim http://mrmunda-VirtualBox:45981/
[rosmaster.master][INFO] 2023-02-02 23:38:20,709: -SUB [/turtle1/cmd_vel] /turtlesim http://mrmunda-VirtualBox:45981/
[rosmaster.master][INFO] 2023-02-02 23:38:20,710: -SERVICE [/kill] /turtlesim rosrpc://mrmunda-VirtualBox:47985
[rosmaster.master][INFO] 2023-02-02 23:38:20,710: -SERVICE [/spawn] /turtlesim rosrpc://mrmunda-VirtualBox:47985
[rosmaster.master][INFO] 2023-02-02 23:38:20,710: -SERVICE [/reset] /turtlesim rosrpc://mrmunda-VirtualBox:47985
[rosmaster.master][INFO] 2023-02-02 23:38:20,711: -SERVICE [/clear] /turtlesim rosrpc://mrmunda-VirtualBox:47985
[rosmaster.master][INFO] 2023-02-02 23:38:20,926: -PUB [/rosout] /turtlesim http://mrmunda-VirtualBox:45981/
[rosmaster.master][INFO] 2023-02-02 23:38:20,926: -SERVICE [/turtlesim/get_loggers] /turtlesim rosrpc://mrmunda-VirtualBox:47985
[rosmaster.master][INFO] 2023-02-02 23:38:20,927: -SERVICE [/turtlesim/set_logger_level] /turtlesim rosrpc://mrmunda-VirtualBox:47985
[rosmaster.master][INFO] 2023-02-02 23:38:20,927: -CACHEDPARAM [/rosout_disable_topics_generation] by /turtlesim
[rosmaster.master][INFO] 2023-02-02 23:38:21,029: publisherUpdate[/rosout] -> http://mrmunda-VirtualBox:44295/ []
[rosmaster.master][INFO] 2023-02-02 23:38:21,030: publisherUpdate[/rosout] -> http://mrmunda-VirtualBox:44295/ []: sec=0.00, result=[1, '', 0]
[rosmaster.master][INFO] 2023-02-02 23:38:38,616: +PUB [/rosout] /turtlesim http://mrmunda-VirtualBox:42843/
[rosmaster.master][INFO] 2023-02-02 23:38:38,616: +SERVICE [/turtlesim/get_loggers] /turtlesim http://mrmunda-VirtualBox:42843/
[rosmaster.master][INFO] 2023-02-02 23:38:38,617: +SERVICE [/turtlesim/set_logger_level] /turtlesim http://mrmunda-VirtualBox:42843/
[rosmaster.master][INFO] 2023-02-02 23:38:38,629: +SERVICE [/clear] /turtlesim http://mrmunda-VirtualBox:42843/
[rosmaster.master][INFO] 2023-02-02 23:38:38,629: +SERVICE [/reset] /turtlesim http://mrmunda-VirtualBox:42843/
[rosmaster.master][INFO] 2023-02-02 23:38:38,629: +SERVICE [/spawn] /turtlesim http://mrmunda-VirtualBox:42843/
[rosmaster.master][INFO] 2023-02-02 23:38:38,630: +SERVICE [/kill] /turtlesim http://mrmunda-VirtualBox:42843/
[rosmaster.master][INFO] 2023-02-02 23:38:38,630: +CACHEDPARAM [/rosout_disable_topics_generation] by /turtlesim
[rosmaster.master][INFO] 2023-02-02 23:38:38,631: +SUB [/turtle1/cmd_vel] /turtlesim http://mrmunda-VirtualBox:42843/
[rosmaster.master][INFO] 2023-02-02 23:38:38,632: +PUB [/turtle1/pose] /turtlesim http://mrmunda-VirtualBox:42843/
[rosmaster.master][INFO] 2023-02-02 23:38:38,632: +PUB [/turtle1/color_sensor] /turtlesim http://mrmunda-VirtualBox:42843/
[rosmaster.master][INFO] 2023-02-02 23:38:38,632: +SERVICE [/turtle1/set_pen] /turtlesim http://mrmunda-VirtualBox:42843/
[rosmaster.master][INFO] 2023-02-02 23:38:38,632: +SERVICE [/turtle1/teleport_relative] /turtlesim http://mrmunda-VirtualBox:42843/
[rosmaster.master][INFO] 2023-02-02 23:38:38,633: +SERVICE [/turtle1/teleport_absolute] /turtlesim http://mrmunda-VirtualBox:42843/
[rosmaster.master][INFO] 2023-02-02 23:38:38,710: publisherUpdate[/rosout] -> http://mrmunda-VirtualBox:44295/ ['http://mrmunda-VirtualBox:42843/']
[rosmaster.master][INFO] 2023-02-02 23:38:38,711: publisherUpdate[/rosout] -> http://mrmunda-VirtualBox:44295/ ['http://mrmunda-VirtualBox:42843/']: sec=0.00, result=[1, '', 0]
[rosmaster.master][INFO] 2023-02-02 23:38:59,545: +PUB [/rosout] /teleop_turtle http://mrmunda-VirtualBox:42949/
[rosmaster.master][INFO] 2023-02-02 23:38:59,545: +SERVICE [/teleop_turtle/get_loggers] /teleop_turtle http://mrmunda-VirtualBox:42949/
[rosmaster.master][INFO] 2023-02-02 23:38:59,546: +SERVICE [/teleop_turtle/set_logger_level] /teleop_turtle http://mrmunda-VirtualBox:42949/
[rosmaster.master][INFO] 2023-02-02 23:38:59,546: +PUB [/turtle1/cmd_vel] /teleop_turtle http://mrmunda-VirtualBox:42949/
[rosmaster.master][INFO] 2023-02-02 23:38:59,548: publisherUpdate[/rosout] -> http://mrmunda-VirtualBox:44295/ ['http://mrmunda-VirtualBox:42843/', 'http://mrmunda-VirtualBox:42949/']
[rosmaster.master][INFO] 2023-02-02 23:38:59,548: publisherUpdate[/turtle1/cmd_vel] -> http://mrmunda-VirtualBox:42843/ ['http://mrmunda-VirtualBox:42949/']
[rosmaster.master][INFO] 2023-02-02 23:38:59,549: publisherUpdate[/rosout] -> http://mrmunda-VirtualBox:44295/ ['http://mrmunda-VirtualBox:42843/', 'http://mrmunda-VirtualBox:42949/']: sec=0.00, result=[1, '', 0]
[rosmaster.master][INFO] 2023-02-02 23:38:59,549: publisherUpdate[/turtle1/cmd_vel] -> http://mrmunda-VirtualBox:42843/ ['http://mrmunda-VirtualBox:42949/']: sec=0.00, result=[1, '', 0]
[rosmaster.master][INFO] 2023-02-03 00:04:39,881: -PUB [/rosout_agg] /rosout http://mrmunda-VirtualBox:44295/
[rosmaster.master][INFO] 2023-02-03 00:04:39,885: -SUB [/rosout] /rosout http://mrmunda-VirtualBox:44295/
[rosmaster.master][INFO] 2023-02-03 00:04:39,887: -SERVICE [/rosout/get_loggers] /rosout rosrpc://mrmunda-VirtualBox:38431
[rosmaster.master][INFO] 2023-02-03 00:04:39,901: -SERVICE [/rosout/set_logger_level] /rosout rosrpc://mrmunda-VirtualBox:38431
[rosmaster.main][INFO] 2023-02-03 00:04:40,129: keyboard interrupt, will exit
[rosmaster.main][INFO] 2023-02-03 00:04:40,130: stopping master...
[rospy.core][INFO] 2023-02-03 00:04:40,130: signal_shutdown [atexit]
